<?xml version="1.0" encoding="UTF-8"?>
<!-- Generated by org.testng.reporters.JUnitReportReporter -->
<testsuite hostname="IT-QA" failures="0" tests="4" name="amaxwebsite15mincheck.AmaxWebsiteTest15" time="99.047" errors="0" timestamp="2021-08-19T15:49:21 CDT" skipped="0">
  <testcase classname="amaxwebsite15mincheck.AmaxWebsiteTest15" name="amaxQuoteEnginePageTitleTest" time="27.783"/>
  <system-out/>
  <testcase classname="amaxwebsite15mincheck.AmaxWebsiteTest15" name="amaxQuoteEnginePageTitleTest" time="33.329"/>
  <system-out/>
  <testcase classname="amaxwebsite15mincheck.AmaxWebsiteTest15" name="amaxWebSiteHomePageTitleTest" time="18.179"/>
  <system-out/>
  <testcase classname="amaxwebsite15mincheck.AmaxWebsiteTest15" name="amaxWebSiteHomePageTitleTest" time="19.756"/>
  <system-out/>
</testsuite> <!-- amaxwebsite15mincheck.AmaxWebsiteTest15 -->
