<?xml version="1.0" encoding="UTF-8"?>
<!-- Generated by org.testng.reporters.JUnitReportReporter -->
<testsuite hostname="IT-QA" failures="0" tests="4" name="amaxwebsite15mincheck.AmaxWebsiteTest15" time="107.154" errors="0" timestamp="2021-08-19T11:08:53 CDT" skipped="0">
  <testcase classname="amaxwebsite15mincheck.AmaxWebsiteTest15" name="amaxQuoteEnginePageTitleTest" time="31.128"/>
  <system-out/>
  <testcase classname="amaxwebsite15mincheck.AmaxWebsiteTest15" name="amaxQuoteEnginePageTitleTest" time="30.348"/>
  <system-out/>
  <testcase classname="amaxwebsite15mincheck.AmaxWebsiteTest15" name="amaxWebSiteHomePageTitleTest" time="29.001"/>
  <system-out/>
  <testcase classname="amaxwebsite15mincheck.AmaxWebsiteTest15" name="amaxWebSiteHomePageTitleTest" time="16.677"/>
  <system-out/>
</testsuite> <!-- amaxwebsite15mincheck.AmaxWebsiteTest15 -->
