<?xml version="1.0" encoding="UTF-8"?>
<!-- Generated by org.testng.reporters.JUnitReportReporter -->
<testsuite hostname="IT-QA" failures="0" tests="2" name="amaxwebsite15mincheck.AmaxWebsiteTest15" time="12.685" errors="0" timestamp="2021-08-18T12:33:33 CDT" skipped="0">
  <testcase classname="amaxwebsite15mincheck.AmaxWebsiteTest15" name="amaxQuoteEnginePageTitleTest" time="8.815"/>
  <system-out/>
  <testcase classname="amaxwebsite15mincheck.AmaxWebsiteTest15" name="amaxWebSiteHomePageTitleTest" time="3.870"/>
  <system-out/>
</testsuite> <!-- amaxwebsite15mincheck.AmaxWebsiteTest15 -->
