<?xml version="1.0" encoding="UTF-8"?>
<!-- Generated by org.testng.reporters.JUnitReportReporter -->
<testsuite hostname="IT-QA" failures="0" tests="4" name="amaxwebsite15mincheck.AmaxWebsiteTest15" time="84.716" errors="0" timestamp="2021-08-27T11:01:04 CDT" skipped="0">
  <testcase classname="amaxwebsite15mincheck.AmaxWebsiteTest15" name="amaxQuoteEnginePageTitleTest" time="17.275"/>
  <system-out/>
  <testcase classname="amaxwebsite15mincheck.AmaxWebsiteTest15" name="amaxQuoteEnginePageTitleTest" time="28.678"/>
  <system-out/>
  <testcase classname="amaxwebsite15mincheck.AmaxWebsiteTest15" name="amaxWebSiteHomePageTitleTest" time="14.760"/>
  <system-out/>
  <testcase classname="amaxwebsite15mincheck.AmaxWebsiteTest15" name="amaxWebSiteHomePageTitleTest" time="24.003"/>
  <system-out/>
</testsuite> <!-- amaxwebsite15mincheck.AmaxWebsiteTest15 -->
