<?xml version="1.0" encoding="UTF-8"?>
<!-- Generated by org.testng.reporters.JUnitReportReporter -->
<testsuite hostname="IT-QA" failures="0" tests="2" name="amaxwebsite15mincheck.AmaxWebsiteTest15" time="13.619" errors="0" timestamp="2021-08-18T16:06:24 CDT" skipped="0">
  <testcase classname="amaxwebsite15mincheck.AmaxWebsiteTest15" name="amaxQuoteEnginePageTitleTest" time="9.292"/>
  <system-out/>
  <testcase classname="amaxwebsite15mincheck.AmaxWebsiteTest15" name="amaxWebSiteHomePageTitleTest" time="4.327"/>
  <system-out/>
</testsuite> <!-- amaxwebsite15mincheck.AmaxWebsiteTest15 -->
